<?xml version="1.0" encoding="UTF-8"?>
<!-- Generated by org.testng.reporters.JUnitReportReporter -->
<testsuite hostname="BI-460-Linu-Varghese" failures="0" tests="2" name="testCase.Test2_Register_Account" time="0.335" errors="0" timestamp="2025-03-02T12:45:52 IST" skipped="0">
  <testcase classname="testCase.Test2_Register_Account" name="createAccount" time="0.176"/>
  <system-out/>
  <testcase classname="testCase.Test2_Register_Account" name="createAccount" time="0.159"/>
  <system-out/>
</testsuite> <!-- testCase.Test2_Register_Account -->
