<?xml version="1.0" encoding="UTF-8"?>
<!-- Generated by org.testng.reporters.JUnitReportReporter -->
<testsuite hostname="BI-460-Linu-Varghese" failures="0" tests="1" name="testCase.Test_Login" time="5.258" errors="0" timestamp="2025-03-08T22:24:18 IST" skipped="0">
  <testcase classname="testCase.Test_Login" name="testValidLogin" time="5.258"/>
  <system-out/>
</testsuite> <!-- testCase.Test_Login -->
