<?xml version="1.0" encoding="UTF-8"?>
<!-- Generated by org.testng.reporters.JUnitReportReporter -->
<testsuite hostname="BI-460-Linu-Varghese" failures="0" tests="1" name="testCase.Test_RegisterAccount" time="12.708" errors="0" timestamp="2025-03-08T17:41:04 IST" skipped="0">
  <testcase classname="testCase.Test_RegisterAccount" name="login" time="12.708"/>
  <system-out/>
</testsuite> <!-- testCase.Test_RegisterAccount -->
